<?xml version="1.0" encoding="UTF-8"?>
<testng-results ignored="0" total="1" passed="1" failed="0" skipped="0">
  <reporter-output>
  </reporter-output>
  <suite started-at="2022-08-01T13:50:05 IST" name="Default suite" finished-at="2022-08-01T13:50:41 IST" duration-ms="35802">
    <groups>
      <group name="cucumber">
        <method signature="AbstractTestNGCucumberTests.runScenario(io.cucumber.testng.PickleWrapper, io.cucumber.testng.FeatureWrapper)[pri:0, instance:ICICIDefinition.ICICIRunner1@5552768b]" name="runScenario" class="io.cucumber.testng.AbstractTestNGCucumberTests"/>
      </group> <!-- cucumber -->
    </groups>
    <test started-at="2022-08-01T13:50:05 IST" name="Default test" finished-at="2022-08-01T13:50:41 IST" duration-ms="35802">
      <class name="ICICIDefinition.ICICIRunner1">
        <test-method is-config="true" signature="setUpClass(org.testng.ITestContext)[pri:0, instance:ICICIDefinition.ICICIRunner1@5552768b]" started-at="2022-08-01T13:50:05 IST" name="setUpClass" finished-at="2022-08-01T13:50:05 IST" duration-ms="473" status="PASS">
          <params>
            <param index="0">
              <value>
                <![CDATA[org.testng.TestRunner@69228e85]]>
              </value>
            </param>
          </params>
          <reporter-output>
          </reporter-output>
        </test-method> <!-- setUpClass -->
        <test-method signature="runScenario(io.cucumber.testng.PickleWrapper, io.cucumber.testng.FeatureWrapper)[pri:0, instance:ICICIDefinition.ICICIRunner1@5552768b]" started-at="2022-08-01T13:50:05 IST" name="runScenario" description="Runs Cucumber Scenarios" data-provider="scenarios" finished-at="2022-08-01T13:50:41 IST" duration-ms="35247" status="PASS">
          <params>
            <param index="0">
              <value>
                <![CDATA["try to login with wrong password"]]>
              </value>
            </param>
            <param index="1">
              <value>
                <![CDATA["Optional[Login module with negative scenario]"]]>
              </value>
            </param>
          </params>
          <reporter-output>
          </reporter-output>
        </test-method> <!-- runScenario -->
        <test-method is-config="true" signature="tearDownClass()[pri:0, instance:ICICIDefinition.ICICIRunner1@5552768b]" started-at="2022-08-01T13:50:41 IST" name="tearDownClass" finished-at="2022-08-01T13:50:41 IST" duration-ms="48" status="PASS">
          <reporter-output>
          </reporter-output>
        </test-method> <!-- tearDownClass -->
      </class> <!-- ICICIDefinition.ICICIRunner1 -->
    </test> <!-- Default test -->
  </suite> <!-- Default suite -->
</testng-results>
